<?xml version="1.0" encoding="UTF-8"?>
<coverage generated="1757228133849" clover="3.2.0">
  <project timestamp="1757228133849" name="All files">
    <metrics statements="146" coveredstatements="145" conditionals="39" coveredconditionals="38" methods="39" coveredmethods="38" elements="224" coveredelements="221" complexity="0" loc="146" ncloc="146" packages="8" files="17" classes="17"/>
    <package name="src">
      <metrics statements="3" coveredstatements="3" conditionals="0" coveredconditionals="0" methods="1" coveredmethods="1"/>
      <file name="ErrorPage.tsx" path="C:\Users\User\Desktop\technical_test\src\ErrorPage.tsx">
        <metrics statements="3" coveredstatements="3" conditionals="0" coveredconditionals="0" methods="1" coveredmethods="1"/>
        <line num="1" count="1" type="stmt"/>
        <line num="3" count="1" type="stmt"/>
        <line num="4" count="8" type="stmt"/>
      </file>
    </package>
    <package name="src.product.components">
      <metrics statements="34" coveredstatements="34" conditionals="9" coveredconditionals="9" methods="8" coveredmethods="8"/>
      <file name="CardExploreProducts.tsx" path="C:\Users\User\Desktop\technical_test\src\product\components\CardExploreProducts.tsx">
        <metrics statements="4" coveredstatements="4" conditionals="0" coveredconditionals="0" methods="1" coveredmethods="1"/>
        <line num="1" count="1" type="stmt"/>
        <line num="3" count="1" type="stmt"/>
        <line num="9" count="1" type="stmt"/>
        <line num="10" count="28" type="stmt"/>
      </file>
      <file name="CardInfoObjective.tsx" path="C:\Users\User\Desktop\technical_test\src\product\components\CardInfoObjective.tsx">
        <metrics statements="6" coveredstatements="6" conditionals="0" coveredconditionals="0" methods="1" coveredmethods="1"/>
        <line num="1" count="1" type="stmt"/>
        <line num="2" count="1" type="stmt"/>
        <line num="4" count="1" type="stmt"/>
        <line num="5" count="1" type="stmt"/>
        <line num="7" count="1" type="stmt"/>
        <line num="8" count="22" type="stmt"/>
      </file>
      <file name="CardProduct.tsx" path="C:\Users\User\Desktop\technical_test\src\product\components\CardProduct.tsx">
        <metrics statements="18" coveredstatements="18" conditionals="9" coveredconditionals="9" methods="5" coveredmethods="5"/>
        <line num="2" count="1" type="stmt"/>
        <line num="3" count="1" type="stmt"/>
        <line num="4" count="1" type="stmt"/>
        <line num="13" count="1" type="stmt"/>
        <line num="20" count="1" type="stmt"/>
        <line num="21" count="21" type="stmt"/>
        <line num="28" count="21" type="cond" truecount="2" falsecount="0"/>
        <line num="31" count="1" type="stmt"/>
        <line num="33" count="21" type="cond" truecount="3" falsecount="0"/>
        <line num="34" count="21" type="stmt"/>
        <line num="36" count="21" type="stmt"/>
        <line num="37" count="1" type="stmt"/>
        <line num="40" count="21" type="stmt"/>
        <line num="41" count="3" type="cond" truecount="2" falsecount="0"/>
        <line num="42" count="2" type="stmt"/>
        <line num="44" count="1" type="stmt"/>
        <line num="48" count="21" type="stmt"/>
        <line num="60" count="3" type="stmt"/>
      </file>
      <file name="CardRecommendProduct.tsx" path="C:\Users\User\Desktop\technical_test\src\product\components\CardRecommendProduct.tsx">
        <metrics statements="6" coveredstatements="6" conditionals="0" coveredconditionals="0" methods="1" coveredmethods="1"/>
        <line num="1" count="1" type="stmt"/>
        <line num="2" count="1" type="stmt"/>
        <line num="4" count="1" type="stmt"/>
        <line num="5" count="1" type="stmt"/>
        <line num="7" count="1" type="stmt"/>
        <line num="8" count="35" type="stmt"/>
      </file>
    </package>
    <package name="src.product.components.carousel">
      <metrics statements="23" coveredstatements="23" conditionals="2" coveredconditionals="2" methods="4" coveredmethods="4"/>
      <file name="Carousel.tsx" path="C:\Users\User\Desktop\technical_test\src\product\components\carousel\Carousel.tsx">
        <metrics statements="14" coveredstatements="14" conditionals="2" coveredconditionals="2" methods="3" coveredmethods="3"/>
        <line num="1" count="1" type="stmt"/>
        <line num="2" count="1" type="stmt"/>
        <line num="3" count="1" type="stmt"/>
        <line num="4" count="1" type="stmt"/>
        <line num="6" count="1" type="stmt"/>
        <line num="8" count="1" type="stmt"/>
        <line num="9" count="1" type="stmt"/>
        <line num="10" count="1" type="stmt"/>
        <line num="17" count="1" type="stmt"/>
        <line num="19" count="13" type="stmt"/>
        <line num="21" count="13" type="stmt"/>
        <line num="22" count="5" type="cond" truecount="2" falsecount="0"/>
        <line num="25" count="13" type="stmt"/>
        <line num="43" count="36" type="stmt"/>
      </file>
      <file name="CarouselRecommendProducts.tsx" path="C:\Users\User\Desktop\technical_test\src\product\components\carousel\CarouselRecommendProducts.tsx">
        <metrics statements="9" coveredstatements="9" conditionals="0" coveredconditionals="0" methods="1" coveredmethods="1"/>
        <line num="1" count="1" type="stmt"/>
        <line num="3" count="1" type="stmt"/>
        <line num="4" count="1" type="stmt"/>
        <line num="5" count="1" type="stmt"/>
        <line num="7" count="1" type="stmt"/>
        <line num="9" count="1" type="stmt"/>
        <line num="10" count="1" type="stmt"/>
        <line num="12" count="1" type="stmt"/>
        <line num="13" count="14" type="stmt"/>
      </file>
    </package>
    <package name="src.product.layout">
      <metrics statements="17" coveredstatements="17" conditionals="0" coveredconditionals="0" methods="5" coveredmethods="5"/>
      <file name="LayoutWeb.tsx" path="C:\Users\User\Desktop\technical_test\src\product\layout\LayoutWeb.tsx">
        <metrics statements="17" coveredstatements="17" conditionals="0" coveredconditionals="0" methods="5" coveredmethods="5"/>
        <line num="1" count="1" type="stmt"/>
        <line num="2" count="1" type="stmt"/>
        <line num="3" count="1" type="stmt"/>
        <line num="4" count="1" type="stmt"/>
        <line num="5" count="1" type="stmt"/>
        <line num="6" count="1" type="stmt"/>
        <line num="7" count="1" type="stmt"/>
        <line num="9" count="1" type="stmt"/>
        <line num="11" count="1" type="stmt"/>
        <line num="12" count="26" type="stmt"/>
        <line num="13" count="26" type="stmt"/>
        <line num="15" count="26" type="stmt"/>
        <line num="16" count="7" type="stmt"/>
        <line num="19" count="26" type="stmt"/>
        <line num="20" count="3" type="stmt"/>
        <line num="23" count="26" type="stmt"/>
        <line num="47" count="1" type="stmt"/>
      </file>
    </package>
    <package name="src.product.pages">
      <metrics statements="24" coveredstatements="24" conditionals="8" coveredconditionals="8" methods="5" coveredmethods="5"/>
      <file name="Contracts.tsx" path="C:\Users\User\Desktop\technical_test\src\product\pages\Contracts.tsx">
        <metrics statements="3" coveredstatements="3" conditionals="0" coveredconditionals="0" methods="1" coveredmethods="1"/>
        <line num="1" count="1" type="stmt"/>
        <line num="3" count="1" type="stmt"/>
        <line num="4" count="2" type="stmt"/>
      </file>
      <file name="Home.tsx" path="C:\Users\User\Desktop\technical_test\src\product\pages\Home.tsx">
        <metrics statements="21" coveredstatements="21" conditionals="8" coveredconditionals="8" methods="4" coveredmethods="4"/>
        <line num="1" count="1" type="stmt"/>
        <line num="2" count="1" type="stmt"/>
        <line num="3" count="1" type="stmt"/>
        <line num="4" count="1" type="stmt"/>
        <line num="5" count="1" type="stmt"/>
        <line num="6" count="1" type="stmt"/>
        <line num="7" count="1" type="stmt"/>
        <line num="8" count="1" type="stmt"/>
        <line num="9" count="1" type="stmt"/>
        <line num="10" count="1" type="stmt"/>
        <line num="11" count="1" type="stmt"/>
        <line num="13" count="1" type="stmt"/>
        <line num="20" count="1" type="stmt"/>
        <line num="21" count="10" type="stmt"/>
        <line num="22" count="10" type="stmt"/>
        <line num="24" count="10" type="cond" truecount="2" falsecount="0"/>
        <line num="27" count="8" type="cond" truecount="2" falsecount="0"/>
        <line num="32" count="8" type="stmt"/>
        <line num="33" count="1" type="stmt"/>
        <line num="36" count="8" type="stmt"/>
        <line num="90" count="1" type="stmt"/>
      </file>
    </package>
    <package name="src.shared.components">
      <metrics statements="37" coveredstatements="36" conditionals="20" coveredconditionals="19" methods="12" coveredmethods="11"/>
      <file name="Aside.tsx" path="C:\Users\User\Desktop\technical_test\src\shared\components\Aside.tsx">
        <metrics statements="15" coveredstatements="15" conditionals="18" coveredconditionals="17" methods="4" coveredmethods="4"/>
        <line num="1" count="1" type="stmt"/>
        <line num="2" count="1" type="stmt"/>
        <line num="3" count="1" type="stmt"/>
        <line num="4" count="1" type="stmt"/>
        <line num="5" count="1" type="stmt"/>
        <line num="11" count="1" type="stmt"/>
        <line num="17" count="1" type="stmt"/>
        <line num="18" count="6" type="stmt"/>
        <line num="19" count="6" type="stmt"/>
        <line num="20" count="6" type="stmt"/>
        <line num="21" count="6" type="stmt"/>
        <line num="36" count="6" type="stmt"/>
        <line num="51" count="12" type="stmt"/>
        <line num="52" count="1" type="stmt"/>
        <line num="53" count="1" type="stmt"/>
      </file>
      <file name="Footer.tsx" path="C:\Users\User\Desktop\technical_test\src\shared\components\Footer.tsx">
        <metrics statements="4" coveredstatements="4" conditionals="0" coveredconditionals="0" methods="1" coveredmethods="1"/>
        <line num="1" count="1" type="stmt"/>
        <line num="2" count="1" type="stmt"/>
        <line num="3" count="1" type="stmt"/>
        <line num="4" count="4" type="stmt"/>
      </file>
      <file name="Header.tsx" path="C:\Users\User\Desktop\technical_test\src\shared\components\Header.tsx">
        <metrics statements="6" coveredstatements="6" conditionals="0" coveredconditionals="0" methods="2" coveredmethods="2"/>
        <line num="1" count="1" type="stmt"/>
        <line num="2" count="1" type="stmt"/>
        <line num="4" count="1" type="stmt"/>
        <line num="11" count="1" type="stmt"/>
        <line num="12" count="4" type="stmt"/>
        <line num="45" count="1" type="stmt"/>
      </file>
      <file name="Loader.tsx" path="C:\Users\User\Desktop\technical_test\src\shared\components\Loader.tsx">
        <metrics statements="3" coveredstatements="3" conditionals="0" coveredconditionals="0" methods="1" coveredmethods="1"/>
        <line num="1" count="1" type="stmt"/>
        <line num="3" count="1" type="stmt"/>
        <line num="4" count="2" type="stmt"/>
      </file>
      <file name="Modal.tsx" path="C:\Users\User\Desktop\technical_test\src\shared\components\Modal.tsx">
        <metrics statements="9" coveredstatements="8" conditionals="2" coveredconditionals="2" methods="4" coveredmethods="3"/>
        <line num="1" count="1" type="stmt"/>
        <line num="2" count="1" type="stmt"/>
        <line num="4" count="1" type="stmt"/>
        <line num="11" count="1" type="stmt"/>
        <line num="15" count="3" type="stmt"/>
        <line num="16" count="2" type="stmt"/>
        <line num="22" count="0" type="stmt"/>
        <line num="27" count="3" type="stmt"/>
        <line num="43" count="1" type="stmt"/>
      </file>
    </package>
    <package name="src.shared.components.check">
      <metrics statements="4" coveredstatements="4" conditionals="0" coveredconditionals="0" methods="2" coveredmethods="2"/>
      <file name="Check.tsx" path="C:\Users\User\Desktop\technical_test\src\shared\components\check\Check.tsx">
        <metrics statements="4" coveredstatements="4" conditionals="0" coveredconditionals="0" methods="2" coveredmethods="2"/>
        <line num="1" count="1" type="stmt"/>
        <line num="8" count="1" type="stmt"/>
        <line num="9" count="4" type="stmt"/>
        <line num="14" count="1" type="stmt"/>
      </file>
    </package>
    <package name="src.shared.components.iconMenuBurguer">
      <metrics statements="4" coveredstatements="4" conditionals="0" coveredconditionals="0" methods="2" coveredmethods="2"/>
      <file name="IconMenuBurguerComponent.tsx" path="C:\Users\User\Desktop\technical_test\src\shared\components\iconMenuBurguer\IconMenuBurguerComponent.tsx">
        <metrics statements="4" coveredstatements="4" conditionals="0" coveredconditionals="0" methods="2" coveredmethods="2"/>
        <line num="1" count="1" type="stmt"/>
        <line num="7" count="1" type="stmt"/>
        <line num="8" count="1" type="stmt"/>
        <line num="10" count="1" type="stmt"/>
      </file>
    </package>
  </project>
</coverage>
