{"C:\\Users\\User\\Desktop\\technical_test\\src\\ErrorPage.tsx": {"path":"C:\\Users\\User\\Desktop\\technical_test\\src\\ErrorPage.tsx","statementMap":{"0":{"start":{"line":1,"column":0},"end":{"line":1,"column":40}},"1":{"start":{"line":3,"column":25},"end":{"line":25,"column":1}},"2":{"start":{"line":4,"column":2},"end":{"line":24,"column":4}},"3":{"start":{"line":3,"column":13},"end":{"line":3,"column":25}}},"fnMap":{"0":{"name":"(anonymous_0)","decl":{"start":{"line":3,"column":25},"end":{"line":3,"column":28}},"loc":{"start":{"line":3,"column":30},"end":{"line":25,"column":1}}}},"branchMap":{},"s":{"0":1,"1":1,"2":8,"3":1},"f":{"0":8},"b":{}}
,"C:\\Users\\User\\Desktop\\technical_test\\src\\product\\components\\CardExploreProducts.tsx": {"path":"C:\\Users\\User\\Desktop\\technical_test\\src\\product\\components\\CardExploreProducts.tsx","statementMap":{"0":{"start":{"line":1,"column":0},"end":{"line":1,"column":60}},"1":{"start":{"line":3,"column":27},"end":{"line":3,"column":33}},"2":{"start":{"line":9,"column":35},"end":{"line":33,"column":1}},"3":{"start":{"line":10,"column":2},"end":{"line":32,"column":4}},"4":{"start":{"line":9,"column":13},"end":{"line":9,"column":35}}},"fnMap":{"0":{"name":"(anonymous_0)","decl":{"start":{"line":9,"column":35},"end":{"line":9,"column":36}},"loc":{"start":{"line":9,"column":70},"end":{"line":33,"column":1}}}},"branchMap":{},"s":{"0":1,"1":1,"2":1,"3":28,"4":1},"f":{"0":28},"b":{}}
,"C:\\Users\\User\\Desktop\\technical_test\\src\\product\\components\\CardInfoObjective.tsx": {"path":"C:\\Users\\User\\Desktop\\technical_test\\src\\product\\components\\CardInfoObjective.tsx","statementMap":{"0":{"start":{"line":1,"column":0},"end":{"line":1,"column":56}},"1":{"start":{"line":2,"column":0},"end":{"line":2,"column":60}},"2":{"start":{"line":4,"column":28},"end":{"line":4,"column":34}},"3":{"start":{"line":5,"column":43},"end":{"line":5,"column":48}},"4":{"start":{"line":7,"column":33},"end":{"line":70,"column":1}},"5":{"start":{"line":8,"column":2},"end":{"line":69,"column":4}},"6":{"start":{"line":7,"column":13},"end":{"line":7,"column":33}}},"fnMap":{"0":{"name":"(anonymous_0)","decl":{"start":{"line":7,"column":33},"end":{"line":7,"column":36}},"loc":{"start":{"line":7,"column":38},"end":{"line":70,"column":1}}}},"branchMap":{},"s":{"0":1,"1":1,"2":1,"3":1,"4":1,"5":22,"6":1},"f":{"0":22},"b":{}}
,"C:\\Users\\User\\Desktop\\technical_test\\src\\product\\components\\CardProduct.tsx": {"path":"C:\\Users\\User\\Desktop\\technical_test\\src\\product\\components\\CardProduct.tsx","statementMap":{"0":{"start":{"line":2,"column":0},"end":{"line":2,"column":56}},"1":{"start":{"line":3,"column":0},"end":{"line":3,"column":58}},"2":{"start":{"line":4,"column":0},"end":{"line":4,"column":60}},"3":{"start":{"line":13,"column":59},"end":{"line":18,"column":2}},"4":{"start":{"line":20,"column":24},"end":{"line":29,"column":1}},"5":{"start":{"line":21,"column":43},"end":{"line":26,"column":4}},"6":{"start":{"line":28,"column":2},"end":{"line":28,"column":48}},"7":{"start":{"line":31,"column":27},"end":{"line":96,"column":1}},"8":{"start":{"line":33,"column":4},"end":{"line":33,"column":79}},"9":{"start":{"line":34,"column":21},"end":{"line":34,"column":57}},"10":{"start":{"line":36,"column":26},"end":{"line":38,"column":3}},"11":{"start":{"line":37,"column":4},"end":{"line":37,"column":36}},"12":{"start":{"line":40,"column":28},"end":{"line":46,"column":3}},"13":{"start":{"line":41,"column":4},"end":{"line":45,"column":5}},"14":{"start":{"line":42,"column":6},"end":{"line":42,"column":38}},"15":{"start":{"line":44,"column":6},"end":{"line":44,"column":19}},"16":{"start":{"line":48,"column":2},"end":{"line":95,"column":4}},"17":{"start":{"line":60,"column":33},"end":{"line":60,"column":52}},"18":{"start":{"line":31,"column":13},"end":{"line":31,"column":27}}},"fnMap":{"0":{"name":"(anonymous_0)","decl":{"start":{"line":20,"column":24},"end":{"line":20,"column":25}},"loc":{"start":{"line":20,"column":56},"end":{"line":29,"column":1}}},"1":{"name":"(anonymous_1)","decl":{"start":{"line":31,"column":27},"end":{"line":31,"column":28}},"loc":{"start":{"line":31,"column":72},"end":{"line":96,"column":1}}},"2":{"name":"(anonymous_2)","decl":{"start":{"line":36,"column":26},"end":{"line":36,"column":29}},"loc":{"start":{"line":36,"column":31},"end":{"line":38,"column":3}}},"3":{"name":"(anonymous_3)","decl":{"start":{"line":40,"column":28},"end":{"line":40,"column":29}},"loc":{"start":{"line":40,"column":49},"end":{"line":46,"column":3}}},"4":{"name":"(anonymous_4)","decl":{"start":{"line":60,"column":26},"end":{"line":60,"column":27}},"loc":{"start":{"line":60,"column":33},"end":{"line":60,"column":52}}}},"branchMap":{"0":{"loc":{"start":{"line":28,"column":9},"end":{"line":28,"column":47}},"type":"binary-expr","locations":[{"start":{"line":28,"column":9},"end":{"line":28,"column":30}},{"start":{"line":28,"column":34},"end":{"line":28,"column":47}}]},"1":{"loc":{"start":{"line":33,"column":4},"end":{"line":33,"column":79}},"type":"binary-expr","locations":[{"start":{"line":33,"column":4},"end":{"line":33,"column":23}},{"start":{"line":33,"column":27},"end":{"line":33,"column":62}},{"start":{"line":33,"column":66},"end":{"line":33,"column":79}}]},"2":{"loc":{"start":{"line":41,"column":4},"end":{"line":45,"column":5}},"type":"if","locations":[{"start":{"line":41,"column":4},"end":{"line":45,"column":5}},{"start":{"line":43,"column":11},"end":{"line":45,"column":5}}]},"3":{"loc":{"start":{"line":51,"column":8},"end":{"line":53,"column":null}},"type":"cond-expr","locations":[{"start":{"line":52,"column":12},"end":{"line":52,"column":85}},{"start":{"line":53,"column":12},"end":{"line":53,"column":null}}]}},"s":{"0":1,"1":1,"2":1,"3":1,"4":1,"5":21,"6":21,"7":1,"8":21,"9":21,"10":21,"11":1,"12":21,"13":3,"14":2,"15":1,"16":21,"17":3,"18":1},"f":{"0":21,"1":21,"2":1,"3":3,"4":3},"b":{"0":[21,2],"1":[21,21,2],"2":[2,1],"3":[4,17]}}
,"C:\\Users\\User\\Desktop\\technical_test\\src\\product\\components\\CardRecommendProduct.tsx": {"path":"C:\\Users\\User\\Desktop\\technical_test\\src\\product\\components\\CardRecommendProduct.tsx","statementMap":{"0":{"start":{"line":1,"column":0},"end":{"line":1,"column":56}},"1":{"start":{"line":2,"column":0},"end":{"line":2,"column":60}},"2":{"start":{"line":4,"column":27},"end":{"line":4,"column":33}},"3":{"start":{"line":5,"column":67},"end":{"line":5,"column":72}},"4":{"start":{"line":7,"column":36},"end":{"line":51,"column":1}},"5":{"start":{"line":8,"column":2},"end":{"line":50,"column":4}},"6":{"start":{"line":7,"column":13},"end":{"line":7,"column":36}}},"fnMap":{"0":{"name":"(anonymous_0)","decl":{"start":{"line":7,"column":36},"end":{"line":7,"column":39}},"loc":{"start":{"line":7,"column":41},"end":{"line":51,"column":1}}}},"branchMap":{},"s":{"0":1,"1":1,"2":1,"3":1,"4":1,"5":35,"6":1},"f":{"0":35},"b":{}}
,"C:\\Users\\User\\Desktop\\technical_test\\src\\product\\components\\carousel\\Carousel.tsx": {"path":"C:\\Users\\User\\Desktop\\technical_test\\src\\product\\components\\carousel\\Carousel.tsx","statementMap":{"0":{"start":{"line":1,"column":0},"end":{"line":1,"column":33}},"1":{"start":{"line":2,"column":0},"end":{"line":2,"column":51}},"2":{"start":{"line":3,"column":0},"end":{"line":3,"column":44}},"3":{"start":{"line":4,"column":0},"end":{"line":4,"column":45}},"4":{"start":{"line":6,"column":0},"end":{"line":6,"column":61}},"5":{"start":{"line":8,"column":0},"end":{"line":8,"column":24}},"6":{"start":{"line":9,"column":0},"end":{"line":9,"column":31}},"7":{"start":{"line":10,"column":0},"end":{"line":10,"column":20}},"8":{"start":{"line":17,"column":24},"end":{"line":57,"column":1}},"9":{"start":{"line":19,"column":52},"end":{"line":19,"column":72}},"10":{"start":{"line":21,"column":30},"end":{"line":23,"column":3}},"11":{"start":{"line":22,"column":4},"end":{"line":22,"column":75}},"12":{"start":{"line":25,"column":2},"end":{"line":56,"column":4}},"13":{"start":{"line":43,"column":10},"end":{"line":43,"column":null}},"14":{"start":{"line":17,"column":13},"end":{"line":17,"column":24}}},"fnMap":{"0":{"name":"(anonymous_0)","decl":{"start":{"line":17,"column":24},"end":{"line":17,"column":25}},"loc":{"start":{"line":17,"column":69},"end":{"line":57,"column":1}}},"1":{"name":"(anonymous_1)","decl":{"start":{"line":21,"column":30},"end":{"line":21,"column":31}},"loc":{"start":{"line":21,"column":52},"end":{"line":23,"column":3}}},"2":{"name":"(anonymous_2)","decl":{"start":{"line":42,"column":22},"end":{"line":42,"column":23}},"loc":{"start":{"line":43,"column":10},"end":{"line":43,"column":null}}}},"branchMap":{"0":{"loc":{"start":{"line":22,"column":25},"end":{"line":22,"column":73}},"type":"cond-expr","locations":[{"start":{"line":22,"column":59},"end":{"line":22,"column":61}},{"start":{"line":22,"column":64},"end":{"line":22,"column":73}}]}},"s":{"0":1,"1":1,"2":1,"3":1,"4":1,"5":1,"6":1,"7":1,"8":1,"9":13,"10":13,"11":5,"12":13,"13":36,"14":1},"f":{"0":13,"1":5,"2":36},"b":{"0":[1,4]}}
,"C:\\Users\\User\\Desktop\\technical_test\\src\\product\\components\\carousel\\CarouselRecommendProducts.tsx": {"path":"C:\\Users\\User\\Desktop\\technical_test\\src\\product\\components\\carousel\\CarouselRecommendProducts.tsx","statementMap":{"0":{"start":{"line":1,"column":0},"end":{"line":1,"column":51}},"1":{"start":{"line":3,"column":0},"end":{"line":3,"column":20}},"2":{"start":{"line":4,"column":0},"end":{"line":4,"column":31}},"3":{"start":{"line":5,"column":0},"end":{"line":5,"column":31}},"4":{"start":{"line":7,"column":0},"end":{"line":7,"column":24}},"5":{"start":{"line":9,"column":0},"end":{"line":9,"column":66}},"6":{"start":{"line":10,"column":0},"end":{"line":10,"column":63}},"7":{"start":{"line":12,"column":41},"end":{"line":38,"column":1}},"8":{"start":{"line":13,"column":2},"end":{"line":37,"column":4}},"9":{"start":{"line":12,"column":13},"end":{"line":12,"column":41}}},"fnMap":{"0":{"name":"(anonymous_0)","decl":{"start":{"line":12,"column":41},"end":{"line":12,"column":44}},"loc":{"start":{"line":12,"column":46},"end":{"line":38,"column":1}}}},"branchMap":{},"s":{"0":1,"1":1,"2":1,"3":1,"4":1,"5":1,"6":1,"7":1,"8":14,"9":1},"f":{"0":14},"b":{}}
,"C:\\Users\\User\\Desktop\\technical_test\\src\\product\\layout\\LayoutWeb.tsx": {"path":"C:\\Users\\User\\Desktop\\technical_test\\src\\product\\layout\\LayoutWeb.tsx","statementMap":{"0":{"start":{"line":1,"column":0},"end":{"line":1,"column":42}},"1":{"start":{"line":2,"column":0},"end":{"line":2,"column":56}},"2":{"start":{"line":3,"column":0},"end":{"line":3,"column":56}},"3":{"start":{"line":4,"column":0},"end":{"line":4,"column":60}},"4":{"start":{"line":5,"column":0},"end":{"line":5,"column":54}},"5":{"start":{"line":6,"column":0},"end":{"line":6,"column":33}},"6":{"start":{"line":7,"column":0},"end":{"line":7,"column":54}},"7":{"start":{"line":9,"column":24},"end":{"line":9,"column":30}},"8":{"start":{"line":11,"column":25},"end":{"line":51,"column":1}},"9":{"start":{"line":12,"column":40},"end":{"line":12,"column":55}},"10":{"start":{"line":13,"column":40},"end":{"line":13,"column":55}},"11":{"start":{"line":15,"column":26},"end":{"line":17,"column":3}},"12":{"start":{"line":16,"column":4},"end":{"line":16,"column":36}},"13":{"start":{"line":16,"column":29},"end":{"line":16,"column":34}},"14":{"start":{"line":19,"column":20},"end":{"line":21,"column":3}},"15":{"start":{"line":20,"column":4},"end":{"line":20,"column":25}},"16":{"start":{"line":23,"column":2},"end":{"line":50,"column":4}},"17":{"start":{"line":47,"column":29},"end":{"line":47,"column":50}},"18":{"start":{"line":11,"column":13},"end":{"line":11,"column":25}}},"fnMap":{"0":{"name":"(anonymous_0)","decl":{"start":{"line":11,"column":25},"end":{"line":11,"column":28}},"loc":{"start":{"line":11,"column":30},"end":{"line":51,"column":1}}},"1":{"name":"(anonymous_1)","decl":{"start":{"line":15,"column":26},"end":{"line":15,"column":29}},"loc":{"start":{"line":15,"column":31},"end":{"line":17,"column":3}}},"2":{"name":"(anonymous_2)","decl":{"start":{"line":16,"column":19},"end":{"line":16,"column":20}},"loc":{"start":{"line":16,"column":29},"end":{"line":16,"column":34}}},"3":{"name":"(anonymous_3)","decl":{"start":{"line":19,"column":20},"end":{"line":19,"column":23}},"loc":{"start":{"line":19,"column":25},"end":{"line":21,"column":3}}},"4":{"name":"(anonymous_4)","decl":{"start":{"line":47,"column":23},"end":{"line":47,"column":26}},"loc":{"start":{"line":47,"column":29},"end":{"line":47,"column":50}}}},"branchMap":{},"s":{"0":1,"1":1,"2":1,"3":1,"4":1,"5":1,"6":1,"7":1,"8":1,"9":26,"10":26,"11":26,"12":7,"13":7,"14":26,"15":3,"16":26,"17":1,"18":1},"f":{"0":26,"1":7,"2":7,"3":3,"4":1},"b":{}}
,"C:\\Users\\User\\Desktop\\technical_test\\src\\product\\pages\\Contracts.tsx": {"path":"C:\\Users\\User\\Desktop\\technical_test\\src\\product\\pages\\Contracts.tsx","statementMap":{"0":{"start":{"line":1,"column":0},"end":{"line":1,"column":39}},"1":{"start":{"line":3,"column":25},"end":{"line":15,"column":1}},"2":{"start":{"line":4,"column":2},"end":{"line":14,"column":4}},"3":{"start":{"line":3,"column":13},"end":{"line":3,"column":25}}},"fnMap":{"0":{"name":"(anonymous_0)","decl":{"start":{"line":3,"column":25},"end":{"line":3,"column":28}},"loc":{"start":{"line":3,"column":30},"end":{"line":15,"column":1}}}},"branchMap":{},"s":{"0":1,"1":1,"2":2,"3":1},"f":{"0":2},"b":{}}
,"C:\\Users\\User\\Desktop\\technical_test\\src\\product\\pages\\Home.tsx": {"path":"C:\\Users\\User\\Desktop\\technical_test\\src\\product\\pages\\Home.tsx","statementMap":{"0":{"start":{"line":1,"column":0},"end":{"line":1,"column":33}},"1":{"start":{"line":2,"column":0},"end":{"line":2,"column":56}},"2":{"start":{"line":3,"column":0},"end":{"line":3,"column":60}},"3":{"start":{"line":4,"column":0},"end":{"line":4,"column":68}},"4":{"start":{"line":5,"column":0},"end":{"line":5,"column":59}},"5":{"start":{"line":6,"column":0},"end":{"line":6,"column":51}},"6":{"start":{"line":7,"column":0},"end":{"line":7,"column":56}},"7":{"start":{"line":8,"column":0},"end":{"line":8,"column":93}},"8":{"start":{"line":9,"column":0},"end":{"line":9,"column":56}},"9":{"start":{"line":10,"column":41},"end":{"line":10,"column":47}},"10":{"start":{"line":11,"column":26},"end":{"line":11,"column":31}},"11":{"start":{"line":13,"column":47},"end":{"line":18,"column":2}},"12":{"start":{"line":20,"column":20},"end":{"line":127,"column":1}},"13":{"start":{"line":21,"column":28},"end":{"line":21,"column":41}},"14":{"start":{"line":22,"column":44},"end":{"line":22,"column":59}},"15":{"start":{"line":24,"column":2},"end":{"line":24,"column":49}},"16":{"start":{"line":24,"column":31},"end":{"line":24,"column":49}},"17":{"start":{"line":27,"column":4},"end":{"line":30,"column":13}},"18":{"start":{"line":27,"column":52},"end":{"line":30,"column":6}},"19":{"start":{"line":32,"column":34},"end":{"line":34,"column":3}},"20":{"start":{"line":33,"column":4},"end":{"line":33,"column":27}},"21":{"start":{"line":36,"column":2},"end":{"line":126,"column":4}},"22":{"start":{"line":90,"column":37},"end":{"line":90,"column":62}},"23":{"start":{"line":20,"column":13},"end":{"line":20,"column":20}}},"fnMap":{"0":{"name":"(anonymous_0)","decl":{"start":{"line":20,"column":20},"end":{"line":20,"column":23}},"loc":{"start":{"line":20,"column":25},"end":{"line":127,"column":1}}},"1":{"name":"(anonymous_1)","decl":{"start":{"line":27,"column":38},"end":{"line":27,"column":39}},"loc":{"start":{"line":27,"column":52},"end":{"line":30,"column":6}}},"2":{"name":"(anonymous_2)","decl":{"start":{"line":32,"column":34},"end":{"line":32,"column":37}},"loc":{"start":{"line":32,"column":39},"end":{"line":34,"column":3}}},"3":{"name":"(anonymous_3)","decl":{"start":{"line":90,"column":31},"end":{"line":90,"column":34}},"loc":{"start":{"line":90,"column":37},"end":{"line":90,"column":62}}}},"branchMap":{"0":{"loc":{"start":{"line":24,"column":2},"end":{"line":24,"column":49}},"type":"if","locations":[{"start":{"line":24,"column":2},"end":{"line":24,"column":49}},{"start":{},"end":{}}]},"1":{"loc":{"start":{"line":27,"column":4},"end":{"line":30,"column":13}},"type":"binary-expr","locations":[{"start":{"line":27,"column":4},"end":{"line":30,"column":7}},{"start":{"line":30,"column":11},"end":{"line":30,"column":13}}]},"2":{"loc":{"start":{"line":29,"column":19},"end":{"line":29,"column":71}},"type":"binary-expr","locations":[{"start":{"line":29,"column":19},"end":{"line":29,"column":54}},{"start":{"line":29,"column":58},"end":{"line":29,"column":71}}]},"3":{"loc":{"start":{"line":100,"column":11},"end":{"line":121,"column":null}},"type":"binary-expr","locations":[{"start":{"line":100,"column":11},"end":{"line":100,"column":24}},{"start":{"line":101,"column":12},"end":{"line":120,"column":null}}]}},"s":{"0":1,"1":1,"2":1,"3":1,"4":1,"5":1,"6":1,"7":1,"8":1,"9":1,"10":1,"11":1,"12":1,"13":10,"14":10,"15":10,"16":2,"17":8,"18":6,"19":8,"20":1,"21":8,"22":1,"23":1},"f":{"0":10,"1":6,"2":1,"3":1},"b":{"0":[2,8],"1":[8,1],"2":[6,6],"3":[8,1]}}
,"C:\\Users\\User\\Desktop\\technical_test\\src\\shared\\components\\Aside.tsx": {"path":"C:\\Users\\User\\Desktop\\technical_test\\src\\shared\\components\\Aside.tsx","statementMap":{"0":{"start":{"line":1,"column":0},"end":{"line":1,"column":33}},"1":{"start":{"line":2,"column":0},"end":{"line":2,"column":56}},"2":{"start":{"line":3,"column":0},"end":{"line":3,"column":56}},"3":{"start":{"line":4,"column":0},"end":{"line":4,"column":56}},"4":{"start":{"line":5,"column":0},"end":{"line":5,"column":66}},"5":{"start":{"line":11,"column":4},"end":{"line":11,"column":9}},"6":{"start":{"line":17,"column":21},"end":{"line":87,"column":1}},"7":{"start":{"line":18,"column":47},"end":{"line":18,"column":76}},"8":{"start":{"line":19,"column":23},"end":{"line":19,"column":38}},"9":{"start":{"line":20,"column":23},"end":{"line":20,"column":36}},"10":{"start":{"line":21,"column":17},"end":{"line":34,"column":4}},"11":{"start":{"line":36,"column":2},"end":{"line":86,"column":4}},"12":{"start":{"line":51,"column":14},"end":{"line":59,"column":null}},"13":{"start":{"line":52,"column":36},"end":{"line":52,"column":56}},"14":{"start":{"line":53,"column":36},"end":{"line":53,"column":59}},"15":{"start":{"line":17,"column":13},"end":{"line":17,"column":21}}},"fnMap":{"0":{"name":"(anonymous_0)","decl":{"start":{"line":17,"column":21},"end":{"line":17,"column":22}},"loc":{"start":{"line":17,"column":48},"end":{"line":87,"column":1}}},"1":{"name":"(anonymous_1)","decl":{"start":{"line":50,"column":24},"end":{"line":50,"column":25}},"loc":{"start":{"line":51,"column":14},"end":{"line":59,"column":null}}},"2":{"name":"(anonymous_2)","decl":{"start":{"line":52,"column":30},"end":{"line":52,"column":33}},"loc":{"start":{"line":52,"column":36},"end":{"line":52,"column":56}}},"3":{"name":"(anonymous_3)","decl":{"start":{"line":53,"column":30},"end":{"line":53,"column":33}},"loc":{"start":{"line":53,"column":36},"end":{"line":53,"column":59}}}},"branchMap":{"0":{"loc":{"start":{"line":43,"column":19},"end":{"line":43,"column":56}},"type":"cond-expr","locations":[{"start":{"line":43,"column":33},"end":{"line":43,"column":36}},{"start":{"line":43,"column":39},"end":{"line":43,"column":56}}]},"1":{"loc":{"start":{"line":43,"column":39},"end":{"line":43,"column":56}},"type":"cond-expr","locations":[{"start":{"line":43,"column":50},"end":{"line":43,"column":51}},{"start":{"line":43,"column":54},"end":{"line":43,"column":56}}]},"2":{"loc":{"start":{"line":55,"column":18},"end":{"line":55,"column":null}},"type":"binary-expr","locations":[{"start":{"line":55,"column":18},"end":{"line":55,"column":33}},{"start":{"line":55,"column":37},"end":{"line":55,"column":null}}]},"3":{"loc":{"start":{"line":57,"column":18},"end":{"line":57,"column":null}},"type":"cond-expr","locations":[{"start":{"line":57,"column":32},"end":{"line":57,"column":53}},{"start":{"line":57,"column":56},"end":{"line":57,"column":null}}]},"4":{"loc":{"start":{"line":65,"column":20},"end":{"line":67,"column":36}},"type":"cond-expr","locations":[{"start":{"line":66,"column":24},"end":{"line":66,"column":34}},{"start":{"line":67,"column":24},"end":{"line":67,"column":36}}]},"5":{"loc":{"start":{"line":65,"column":20},"end":{"line":65,"column":60}},"type":"binary-expr","locations":[{"start":{"line":65,"column":20},"end":{"line":65,"column":41}},{"start":{"line":65,"column":45},"end":{"line":65,"column":60}}]},"6":{"loc":{"start":{"line":72,"column":32},"end":{"line":72,"column":65}},"type":"cond-expr","locations":[{"start":{"line":72,"column":46},"end":{"line":72,"column":53}},{"start":{"line":72,"column":56},"end":{"line":72,"column":65}}]},"7":{"loc":{"start":{"line":73,"column":20},"end":{"line":75,"column":null}},"type":"cond-expr","locations":[{"start":{"line":74,"column":24},"end":{"line":74,"column":36}},{"start":{"line":75,"column":24},"end":{"line":75,"column":null}}]},"8":{"loc":{"start":{"line":73,"column":20},"end":{"line":73,"column":60}},"type":"binary-expr","locations":[{"start":{"line":73,"column":20},"end":{"line":73,"column":41}},{"start":{"line":73,"column":45},"end":{"line":73,"column":60}}]}},"s":{"0":1,"1":1,"2":1,"3":1,"4":1,"5":1,"6":1,"7":6,"8":6,"9":6,"10":6,"11":6,"12":12,"13":1,"14":1,"15":1},"f":{"0":6,"1":12,"2":1,"3":1},"b":{"0":[5,1],"1":[0,1],"2":[12,6],"3":[10,2],"4":[6,6],"5":[12,11],"6":[10,2],"7":[6,6],"8":[12,11]}}
,"C:\\Users\\User\\Desktop\\technical_test\\src\\shared\\components\\Footer.tsx": {"path":"C:\\Users\\User\\Desktop\\technical_test\\src\\shared\\components\\Footer.tsx","statementMap":{"0":{"start":{"line":1,"column":0},"end":{"line":1,"column":56}},"1":{"start":{"line":2,"column":60},"end":{"line":2,"column":65}},"2":{"start":{"line":3,"column":22},"end":{"line":64,"column":1}},"3":{"start":{"line":4,"column":2},"end":{"line":63,"column":4}},"4":{"start":{"line":3,"column":13},"end":{"line":3,"column":22}}},"fnMap":{"0":{"name":"(anonymous_0)","decl":{"start":{"line":3,"column":22},"end":{"line":3,"column":25}},"loc":{"start":{"line":3,"column":27},"end":{"line":64,"column":1}}}},"branchMap":{},"s":{"0":1,"1":1,"2":1,"3":4,"4":1},"f":{"0":4},"b":{}}
,"C:\\Users\\User\\Desktop\\technical_test\\src\\shared\\components\\Header.tsx": {"path":"C:\\Users\\User\\Desktop\\technical_test\\src\\shared\\components\\Header.tsx","statementMap":{"0":{"start":{"line":1,"column":0},"end":{"line":1,"column":56}},"1":{"start":{"line":2,"column":0},"end":{"line":2,"column":86}},"2":{"start":{"line":4,"column":66},"end":{"line":4,"column":71}},"3":{"start":{"line":11,"column":22},"end":{"line":54,"column":1}},"4":{"start":{"line":12,"column":2},"end":{"line":53,"column":4}},"5":{"start":{"line":45,"column":27},"end":{"line":45,"column":38}},"6":{"start":{"line":11,"column":13},"end":{"line":11,"column":22}}},"fnMap":{"0":{"name":"(anonymous_0)","decl":{"start":{"line":11,"column":22},"end":{"line":11,"column":23}},"loc":{"start":{"line":11,"column":66},"end":{"line":54,"column":1}}},"1":{"name":"(anonymous_1)","decl":{"start":{"line":45,"column":21},"end":{"line":45,"column":24}},"loc":{"start":{"line":45,"column":27},"end":{"line":45,"column":38}}}},"branchMap":{},"s":{"0":1,"1":1,"2":1,"3":1,"4":4,"5":1,"6":1},"f":{"0":4,"1":1},"b":{}}
,"C:\\Users\\User\\Desktop\\technical_test\\src\\shared\\components\\Loader.tsx": {"path":"C:\\Users\\User\\Desktop\\technical_test\\src\\shared\\components\\Loader.tsx","statementMap":{"0":{"start":{"line":1,"column":0},"end":{"line":1,"column":43}},"1":{"start":{"line":3,"column":22},"end":{"line":26,"column":1}},"2":{"start":{"line":4,"column":2},"end":{"line":25,"column":4}},"3":{"start":{"line":3,"column":13},"end":{"line":3,"column":22}}},"fnMap":{"0":{"name":"(anonymous_0)","decl":{"start":{"line":3,"column":22},"end":{"line":3,"column":25}},"loc":{"start":{"line":3,"column":27},"end":{"line":26,"column":1}}}},"branchMap":{},"s":{"0":1,"1":1,"2":2,"3":1},"f":{"0":2},"b":{}}
,"C:\\Users\\User\\Desktop\\technical_test\\src\\shared\\components\\Modal.tsx": {"path":"C:\\Users\\User\\Desktop\\technical_test\\src\\shared\\components\\Modal.tsx","statementMap":{"0":{"start":{"line":1,"column":0},"end":{"line":1,"column":56}},"1":{"start":{"line":2,"column":0},"end":{"line":2,"column":56}},"2":{"start":{"line":4,"column":68},"end":{"line":4,"column":73}},"3":{"start":{"line":11,"column":21},"end":{"line":92,"column":1}},"4":{"start":{"line":15,"column":19},"end":{"line":25,"column":4}},"5":{"start":{"line":16,"column":18},"end":{"line":18,"column":6}},"6":{"start":{"line":22,"column":17},"end":{"line":24,"column":6}},"7":{"start":{"line":27,"column":2},"end":{"line":91,"column":4}},"8":{"start":{"line":43,"column":30},"end":{"line":43,"column":49}},"9":{"start":{"line":11,"column":13},"end":{"line":11,"column":21}}},"fnMap":{"0":{"name":"(anonymous_0)","decl":{"start":{"line":11,"column":21},"end":{"line":11,"column":22}},"loc":{"start":{"line":14,"column":28},"end":{"line":92,"column":1}}},"1":{"name":"(anonymous_1)","decl":{"start":{"line":16,"column":11},"end":{"line":16,"column":14}},"loc":{"start":{"line":16,"column":18},"end":{"line":18,"column":6}}},"2":{"name":"(anonymous_2)","decl":{"start":{"line":22,"column":10},"end":{"line":22,"column":13}},"loc":{"start":{"line":22,"column":17},"end":{"line":24,"column":6}}},"3":{"name":"(anonymous_3)","decl":{"start":{"line":43,"column":23},"end":{"line":43,"column":24}},"loc":{"start":{"line":43,"column":30},"end":{"line":43,"column":49}}}},"branchMap":{"0":{"loc":{"start":{"line":29,"column":7},"end":{"line":88,"column":null}},"type":"binary-expr","locations":[{"start":{"line":29,"column":7},"end":{"line":29,"column":18}},{"start":{"line":30,"column":8},"end":{"line":87,"column":null}}]}},"s":{"0":1,"1":1,"2":1,"3":1,"4":3,"5":2,"6":0,"7":3,"8":1,"9":1},"f":{"0":3,"1":2,"2":0,"3":1},"b":{"0":[3,2]}}
,"C:\\Users\\User\\Desktop\\technical_test\\src\\shared\\components\\check\\Check.tsx": {"path":"C:\\Users\\User\\Desktop\\technical_test\\src\\shared\\components\\check\\Check.tsx","statementMap":{"0":{"start":{"line":1,"column":0},"end":{"line":1,"column":21}},"1":{"start":{"line":8,"column":21},"end":{"line":17,"column":1}},"2":{"start":{"line":9,"column":2},"end":{"line":16,"column":4}},"3":{"start":{"line":14,"column":23},"end":{"line":14,"column":49}},"4":{"start":{"line":8,"column":13},"end":{"line":8,"column":21}}},"fnMap":{"0":{"name":"(anonymous_0)","decl":{"start":{"line":8,"column":21},"end":{"line":8,"column":22}},"loc":{"start":{"line":8,"column":56},"end":{"line":17,"column":1}}},"1":{"name":"(anonymous_1)","decl":{"start":{"line":14,"column":16},"end":{"line":14,"column":17}},"loc":{"start":{"line":14,"column":23},"end":{"line":14,"column":49}}}},"branchMap":{},"s":{"0":1,"1":1,"2":4,"3":1,"4":1},"f":{"0":4,"1":1},"b":{}}
,"C:\\Users\\User\\Desktop\\technical_test\\src\\shared\\components\\iconMenuBurguer\\IconMenuBurguerComponent.tsx": {"path":"C:\\Users\\User\\Desktop\\technical_test\\src\\shared\\components\\iconMenuBurguer\\IconMenuBurguerComponent.tsx","statementMap":{"0":{"start":{"line":1,"column":0},"end":{"line":1,"column":31}},"1":{"start":{"line":7,"column":40},"end":{"line":16,"column":1}},"2":{"start":{"line":8,"column":2},"end":{"line":15,"column":4}},"3":{"start":{"line":10,"column":28},"end":{"line":10,"column":47}},"4":{"start":{"line":7,"column":13},"end":{"line":7,"column":40}}},"fnMap":{"0":{"name":"(anonymous_0)","decl":{"start":{"line":7,"column":40},"end":{"line":7,"column":41}},"loc":{"start":{"line":7,"column":73},"end":{"line":16,"column":1}}},"1":{"name":"(anonymous_1)","decl":{"start":{"line":10,"column":22},"end":{"line":10,"column":25}},"loc":{"start":{"line":10,"column":28},"end":{"line":10,"column":47}}}},"branchMap":{},"s":{"0":1,"1":1,"2":1,"3":1,"4":1},"f":{"0":1,"1":1},"b":{}}
}
