TN:
SF:src\ErrorPage.tsx
FN:3,(anonymous_0)
FNF:1
FNH:1
FNDA:8,(anonymous_0)
DA:1,1
DA:3,1
DA:4,8
LF:3
LH:3
BRF:0
BRH:0
end_of_record
TN:
SF:src\product\components\CardExploreProducts.tsx
FN:9,(anonymous_0)
FNF:1
FNH:1
FNDA:28,(anonymous_0)
DA:1,1
DA:3,1
DA:9,1
DA:10,28
LF:4
LH:4
BRF:0
BRH:0
end_of_record
TN:
SF:src\product\components\CardInfoObjective.tsx
FN:7,(anonymous_0)
FNF:1
FNH:1
FNDA:22,(anonymous_0)
DA:1,1
DA:2,1
DA:4,1
DA:5,1
DA:7,1
DA:8,22
LF:6
LH:6
BRF:0
BRH:0
end_of_record
TN:
SF:src\product\components\CardProduct.tsx
FN:20,(anonymous_0)
FN:31,(anonymous_1)
FN:36,(anonymous_2)
FN:40,(anonymous_3)
FN:60,(anonymous_4)
FNF:5
FNH:5
FNDA:21,(anonymous_0)
FNDA:21,(anonymous_1)
FNDA:1,(anonymous_2)
FNDA:3,(anonymous_3)
FNDA:3,(anonymous_4)
DA:2,1
DA:3,1
DA:4,1
DA:13,1
DA:20,1
DA:21,21
DA:28,21
DA:31,1
DA:33,21
DA:34,21
DA:36,21
DA:37,1
DA:40,21
DA:41,3
DA:42,2
DA:44,1
DA:48,21
DA:60,3
LF:18
LH:18
BRDA:28,0,0,21
BRDA:28,0,1,2
BRDA:33,1,0,21
BRDA:33,1,1,21
BRDA:33,1,2,2
BRDA:41,2,0,2
BRDA:41,2,1,1
BRDA:51,3,0,4
BRDA:51,3,1,17
BRF:9
BRH:9
end_of_record
TN:
SF:src\product\components\CardRecommendProduct.tsx
FN:7,(anonymous_0)
FNF:1
FNH:1
FNDA:35,(anonymous_0)
DA:1,1
DA:2,1
DA:4,1
DA:5,1
DA:7,1
DA:8,35
LF:6
LH:6
BRF:0
BRH:0
end_of_record
TN:
SF:src\product\components\carousel\Carousel.tsx
FN:17,(anonymous_0)
FN:21,(anonymous_1)
FN:42,(anonymous_2)
FNF:3
FNH:3
FNDA:13,(anonymous_0)
FNDA:5,(anonymous_1)
FNDA:36,(anonymous_2)
DA:1,1
DA:2,1
DA:3,1
DA:4,1
DA:6,1
DA:8,1
DA:9,1
DA:10,1
DA:17,1
DA:19,13
DA:21,13
DA:22,5
DA:25,13
DA:43,36
LF:14
LH:14
BRDA:22,0,0,1
BRDA:22,0,1,4
BRF:2
BRH:2
end_of_record
TN:
SF:src\product\components\carousel\CarouselRecommendProducts.tsx
FN:12,(anonymous_0)
FNF:1
FNH:1
FNDA:14,(anonymous_0)
DA:1,1
DA:3,1
DA:4,1
DA:5,1
DA:7,1
DA:9,1
DA:10,1
DA:12,1
DA:13,14
LF:9
LH:9
BRF:0
BRH:0
end_of_record
TN:
SF:src\product\layout\LayoutWeb.tsx
FN:11,(anonymous_0)
FN:15,(anonymous_1)
FN:16,(anonymous_2)
FN:19,(anonymous_3)
FN:47,(anonymous_4)
FNF:5
FNH:5
FNDA:26,(anonymous_0)
FNDA:7,(anonymous_1)
FNDA:7,(anonymous_2)
FNDA:3,(anonymous_3)
FNDA:1,(anonymous_4)
DA:1,1
DA:2,1
DA:3,1
DA:4,1
DA:5,1
DA:6,1
DA:7,1
DA:9,1
DA:11,1
DA:12,26
DA:13,26
DA:15,26
DA:16,7
DA:19,26
DA:20,3
DA:23,26
DA:47,1
LF:17
LH:17
BRF:0
BRH:0
end_of_record
TN:
SF:src\product\pages\Contracts.tsx
FN:3,(anonymous_0)
FNF:1
FNH:1
FNDA:2,(anonymous_0)
DA:1,1
DA:3,1
DA:4,2
LF:3
LH:3
BRF:0
BRH:0
end_of_record
TN:
SF:src\product\pages\Home.tsx
FN:20,(anonymous_0)
FN:27,(anonymous_1)
FN:32,(anonymous_2)
FN:90,(anonymous_3)
FNF:4
FNH:4
FNDA:10,(anonymous_0)
FNDA:6,(anonymous_1)
FNDA:1,(anonymous_2)
FNDA:1,(anonymous_3)
DA:1,1
DA:2,1
DA:3,1
DA:4,1
DA:5,1
DA:6,1
DA:7,1
DA:8,1
DA:9,1
DA:10,1
DA:11,1
DA:13,1
DA:20,1
DA:21,10
DA:22,10
DA:24,10
DA:27,8
DA:32,8
DA:33,1
DA:36,8
DA:90,1
LF:21
LH:21
BRDA:24,0,0,2
BRDA:24,0,1,8
BRDA:27,1,0,8
BRDA:27,1,1,1
BRDA:29,2,0,6
BRDA:29,2,1,6
BRDA:100,3,0,8
BRDA:100,3,1,1
BRF:8
BRH:8
end_of_record
TN:
SF:src\shared\components\Aside.tsx
FN:17,(anonymous_0)
FN:50,(anonymous_1)
FN:52,(anonymous_2)
FN:53,(anonymous_3)
FNF:4
FNH:4
FNDA:6,(anonymous_0)
FNDA:12,(anonymous_1)
FNDA:1,(anonymous_2)
FNDA:1,(anonymous_3)
DA:1,1
DA:2,1
DA:3,1
DA:4,1
DA:5,1
DA:11,1
DA:17,1
DA:18,6
DA:19,6
DA:20,6
DA:21,6
DA:36,6
DA:51,12
DA:52,1
DA:53,1
LF:15
LH:15
BRDA:43,0,0,5
BRDA:43,0,1,1
BRDA:43,1,0,0
BRDA:43,1,1,1
BRDA:55,2,0,12
BRDA:55,2,1,6
BRDA:57,3,0,10
BRDA:57,3,1,2
BRDA:65,4,0,6
BRDA:65,4,1,6
BRDA:65,5,0,12
BRDA:65,5,1,11
BRDA:72,6,0,10
BRDA:72,6,1,2
BRDA:73,7,0,6
BRDA:73,7,1,6
BRDA:73,8,0,12
BRDA:73,8,1,11
BRF:18
BRH:17
end_of_record
TN:
SF:src\shared\components\Footer.tsx
FN:3,(anonymous_0)
FNF:1
FNH:1
FNDA:4,(anonymous_0)
DA:1,1
DA:2,1
DA:3,1
DA:4,4
LF:4
LH:4
BRF:0
BRH:0
end_of_record
TN:
SF:src\shared\components\Header.tsx
FN:11,(anonymous_0)
FN:45,(anonymous_1)
FNF:2
FNH:2
FNDA:4,(anonymous_0)
FNDA:1,(anonymous_1)
DA:1,1
DA:2,1
DA:4,1
DA:11,1
DA:12,4
DA:45,1
LF:6
LH:6
BRF:0
BRH:0
end_of_record
TN:
SF:src\shared\components\Loader.tsx
FN:3,(anonymous_0)
FNF:1
FNH:1
FNDA:2,(anonymous_0)
DA:1,1
DA:3,1
DA:4,2
LF:3
LH:3
BRF:0
BRH:0
end_of_record
TN:
SF:src\shared\components\Modal.tsx
FN:11,(anonymous_0)
FN:16,(anonymous_1)
FN:22,(anonymous_2)
FN:43,(anonymous_3)
FNF:4
FNH:3
FNDA:3,(anonymous_0)
FNDA:2,(anonymous_1)
FNDA:0,(anonymous_2)
FNDA:1,(anonymous_3)
DA:1,1
DA:2,1
DA:4,1
DA:11,1
DA:15,3
DA:16,2
DA:22,0
DA:27,3
DA:43,1
LF:9
LH:8
BRDA:29,0,0,3
BRDA:29,0,1,2
BRF:2
BRH:2
end_of_record
TN:
SF:src\shared\components\check\Check.tsx
FN:8,(anonymous_0)
FN:14,(anonymous_1)
FNF:2
FNH:2
FNDA:4,(anonymous_0)
FNDA:1,(anonymous_1)
DA:1,1
DA:8,1
DA:9,4
DA:14,1
LF:4
LH:4
BRF:0
BRH:0
end_of_record
TN:
SF:src\shared\components\iconMenuBurguer\IconMenuBurguerComponent.tsx
FN:7,(anonymous_0)
FN:10,(anonymous_1)
FNF:2
FNH:2
FNDA:1,(anonymous_0)
FNDA:1,(anonymous_1)
DA:1,1
DA:7,1
DA:8,1
DA:10,1
LF:4
LH:4
BRF:0
BRH:0
end_of_record
